<?xml version="1.0" encoding="UTF-8"?>
<!-- Generated by org.testng.reporters.JUnitReportReporter -->
<testsuite hostname="DESKTOP-8IJAPM5" failures="0" tests="3" name="runners.TestRunnerPlaceOrderWithSearchAndApplyValiadPromoCode" time="160.232" errors="0" timestamp="2024-10-11T09:57:13 ICT" skipped="0">
  <testcase classname="runners.TestRunnerPlaceOrderWithSearchAndApplyValiadPromoCode" name="runScenario" time="44.992"/>
  <system-out/>
  <testcase classname="runners.TestRunnerPlaceOrderWithSearchAndApplyValiadPromoCode" name="runScenario" time="55.405"/>
  <system-out/>
  <testcase classname="runners.TestRunnerPlaceOrderWithSearchAndApplyValiadPromoCode" name="runScenario" time="59.835"/>
  <system-out/>
</testsuite> <!-- runners.TestRunnerPlaceOrderWithSearchAndApplyValiadPromoCode -->
