<?xml version="1.0" encoding="UTF-8"?>
<!-- Generated by org.testng.reporters.JUnitReportReporter -->
<testsuite hostname="DESKTOP-8IJAPM5" failures="0" tests="1" name="runners.TestRunnerPlaceOrderWithSearch" time="32.724" errors="0" timestamp="2024-10-11T09:57:13 ICT" skipped="0">
  <testcase classname="runners.TestRunnerPlaceOrderWithSearch" name="runScenario" time="32.724"/>
  <system-out/>
</testsuite> <!-- runners.TestRunnerPlaceOrderWithSearch -->
