<?xml version="1.0" encoding="UTF-8"?>
<!-- Generated by org.testng.reporters.JUnitReportReporter -->
<testsuite hostname="DESKTOP-8IJAPM5" failures="0" tests="1" name="runners.TestRunnerPlaceOrderWithSearchAndApplyInValiadPromoCode" time="39.052" errors="0" timestamp="2024-10-11T09:57:13 ICT" skipped="0">
  <testcase classname="runners.TestRunnerPlaceOrderWithSearchAndApplyInValiadPromoCode" name="runScenario" time="39.052"/>
  <system-out/>
</testsuite> <!-- runners.TestRunnerPlaceOrderWithSearchAndApplyInValiadPromoCode -->
